[2018-11-14 12:38:57] START
[2018-11-14 12:45:24] EDIT bucketVersionControl/ABOUT: 0
[2018-11-15 01:30:46] EDIT bucketVersionControl/views/default/index.html: 0
[2018-11-15 01:32:47] EDIT bucketVersionControl/views/default/index.html: -45
[2018-11-15 01:33:18] EDIT bucketVersionControl/views/default/index.html: 1
[2018-11-15 01:34:22] EDIT bucketVersionControl/controllers/default.py: 0
[2018-11-15 01:35:49] EDIT bucketVersionControl/views/default/index.html: 2
[2018-11-15 09:59:04] EDIT bucketVersionControl/controllers/default.py: -1
[2018-11-15 09:59:56] EDIT bucketVersionControl/controllers/default.py: 1
[2018-11-15 10:05:13] EDIT bucketVersionControl/controllers/default.py: 0
[2018-11-15 10:07:12] EDIT bucketVersionControl/controllers/default.py: -1
[2018-11-15 10:07:34] EDIT bucketVersionControl/controllers/default.py: 0
[2018-11-15 10:07:58] EDIT bucketVersionControl/controllers/default.py: 0
[2018-11-15 10:08:34] EDIT bucketVersionControl/controllers/default.py: 0
[2018-11-15 10:08:40] EDIT bucketVersionControl/controllers/default.py: 0
[2018-11-15 10:09:13] EDIT bucketVersionControl/controllers/default.py: 0
[2018-11-15 10:10:39] EDIT bucketVersionControl/controllers/default.py: 0
[2018-11-15 10:11:03] EDIT bucketVersionControl/controllers/default.py: 0
[2018-11-15 10:12:10] EDIT bucketVersionControl/controllers/default.py: 0
[2018-11-15 15:31:25] EDIT bucketVersionControl/models/db.py: 0
[2018-11-15 15:32:41] EDIT bucketVersionControl/models/db.py: 0
[2018-11-15 15:34:07] EDIT bucketVersionControl/models/db.py: 0
[2018-11-15 15:50:26] EDIT bucketVersionControl/models/db.py: 0
[2018-11-15 15:54:09] EDIT bucketVersionControl/models/db.py: 0
[2018-11-15 16:06:59] EDIT bucketVersionControl/models/menu.py: 3
[2018-11-15 16:07:31] EDIT bucketVersionControl/models/menu.py: 0
[2018-11-15 16:07:31] EDIT bucketVersionControl/models/menu.py: 0
[2018-11-15 16:07:31] EDIT bucketVersionControl/models/menu.py: 0
[2018-11-15 16:07:32] EDIT bucketVersionControl/models/menu.py: 0
[2018-11-15 16:07:32] EDIT bucketVersionControl/models/menu.py: 0
[2018-11-15 16:07:32] EDIT bucketVersionControl/models/menu.py: 0
[2018-11-15 16:07:33] EDIT bucketVersionControl/models/menu.py: 0
[2018-11-15 16:09:43] EDIT bucketVersionControl/models/menu.py: -97
[2018-11-15 16:11:35] EDIT bucketVersionControl/models/menu.py: 1
[2018-11-15 16:15:22] EDIT bucketVersionControl/models/menu.py: 1
[2018-11-15 16:15:55] EDIT bucketVersionControl/models/menu.py: 0
[2018-11-15 16:16:46] EDIT bucketVersionControl/models/menu.py: 1
[2018-11-15 16:17:32] EDIT bucketVersionControl/models/menu.py: 0
[2018-11-15 16:30:51] CREATE db1.py: 0
[2018-11-15 16:34:03] EDIT bucketVersionControl/models/db1.py: 1
[2018-11-15 19:21:02] EDIT bucketVersionControl/models/db1.py: 4
[2018-11-15 19:21:45] EDIT bucketVersionControl/models/db1.py: 0
[2018-11-15 19:26:41] EDIT bucketVersionControl/models/db1.py: 1
[2018-11-15 19:29:55] EDIT bucketVersionControl/models/db1.py: -1
[2018-11-15 19:30:06] EDIT bucketVersionControl/models/db1.py: 0
[2018-11-15 19:30:21] EDIT bucketVersionControl/models/db1.py: 0
[2018-11-15 19:34:18] EDIT bucketVersionControl/models/db1.py: 1
[2018-11-15 19:37:34] EDIT bucketVersionControl/models/db1.py: 1
[2018-11-15 19:37:48] EDIT bucketVersionControl/models/db1.py: 0
[2018-11-16 10:08:18] EDIT bucketVersionControl/models/db1.py: 0
[2018-11-16 10:09:49] EDIT bucketVersionControl/models/db1.py: 0
[2018-11-16 10:39:02] EDIT bucketVersionControl/views/default/index.html: 4
[2018-11-16 10:40:17] EDIT bucketVersionControl/views/default/index.html: 0
[2018-11-16 10:40:20] EDIT bucketVersionControl/controllers/default.py: 3
[2018-11-16 10:46:24] EDIT bucketVersionControl/views/default/index.html: -3
[2018-11-16 10:46:33] EDIT bucketVersionControl/views/default/index.html: 0
[2018-11-16 10:48:40] EDIT bucketVersionControl/controllers/default.py: 0
[2018-11-16 10:50:15] EDIT bucketVersionControl/controllers/default.py: 0
[2018-11-16 10:53:23] EDIT bucketVersionControl/controllers/default.py: 0
[2018-11-16 10:53:27] EDIT bucketVersionControl/controllers/default.py: 0
[2018-11-16 10:53:34] EDIT bucketVersionControl/views/default/index.html: 0
[2018-11-16 10:55:11] EDIT bucketVersionControl/views/default/index.html: 0
[2018-11-16 10:55:13] EDIT bucketVersionControl/controllers/default.py: 0
[2018-11-16 10:55:15] EDIT bucketVersionControl/controllers/default.py: 0
[2018-11-16 11:00:20] EDIT bucketVersionControl/controllers/default.py: 0
[2018-11-16 11:01:40] EDIT bucketVersionControl/controllers/default.py: 0
[2018-11-16 11:01:45] EDIT bucketVersionControl/views/default/index.html: -3
[2018-11-16 11:03:40] EDIT bucketVersionControl/views/default/index.html: -1
[2018-11-16 11:05:27] EDIT bucketVersionControl/controllers/default.py: -1
[2018-11-16 11:05:51] EDIT bucketVersionControl/controllers/default.py: 0
[2018-11-16 11:05:53] EDIT bucketVersionControl/controllers/default.py: 0
[2018-11-16 11:05:53] EDIT bucketVersionControl/controllers/default.py: 0
[2018-11-16 11:05:54] EDIT bucketVersionControl/controllers/default.py: 0
[2018-11-16 11:06:19] EDIT bucketVersionControl/controllers/default.py: -2
[2018-11-16 11:09:49] CREATE uploadView.html: 0
[2018-11-16 11:10:19] EDIT bucketVersionControl/views/uploadView.html: -2
[2018-11-16 11:11:14] DELETE bucketVersionControl/views/uploadView.html: -1
[2018-11-16 11:11:41] CREATE default/uploadView.html: 0
[2018-11-16 11:13:07] EDIT bucketVersionControl/controllers/default.py: 3
[2018-11-16 11:13:24] EDIT bucketVersionControl/views/default/uploadView.html: -1
[2018-11-16 11:13:28] EDIT bucketVersionControl/views/default/index.html: 0
[2018-11-16 11:14:06] EDIT bucketVersionControl/controllers/default.py: 0
[2018-11-16 11:16:08] EDIT bucketVersionControl/models/menu.py: 0
[2018-11-16 11:17:12] EDIT bucketVersionControl/models/menu.py: 0
[2018-11-16 11:21:08] EDIT bucketVersionControl/models/menu.py: 0
[2018-11-16 11:21:43] CREATE default/existingView.html: 0
[2018-11-16 11:22:57] EDIT bucketVersionControl/views/default/existingView.html: 1
[2018-11-16 11:23:05] EDIT bucketVersionControl/views/default/existingView.html: 1
[2018-11-16 11:24:00] EDIT bucketVersionControl/models/menu.py: 0
[2018-11-16 11:24:38] EDIT bucketVersionControl/models/menu.py: 0
[2018-11-16 11:25:48] EDIT bucketVersionControl/controllers/default.py: 3
[2018-11-16 11:25:57] EDIT bucketVersionControl/controllers/default.py: 0
[2018-11-16 11:26:02] EDIT bucketVersionControl/views/default/existingView.html: 0
[2018-11-16 11:30:50] EDIT bucketVersionControl/views/default/existingView.html: 0
[2018-11-16 11:30:52] EDIT bucketVersionControl/controllers/default.py: 0
[2018-11-16 11:35:05] EDIT bucketVersionControl/controllers/default.py: 0
[2018-11-16 11:35:13] EDIT bucketVersionControl/views/default/existingView.html: 0
[2018-11-16 12:23:19] EDIT bucketVersionControl/views/default/existingView.html: 0
[2018-11-18 15:02:18] EDIT bucketVersionControl/views/layout.html: 0
[2018-11-18 15:12:12] EDIT bucketVersionControl/controllers/default.py: 1
[2018-11-18 15:12:47] EDIT bucketVersionControl/controllers/default.py: 1
[2018-11-18 15:27:25] EDIT bucketVersionControl/controllers/default.py: 3
[2018-11-18 15:28:35] EDIT bucketVersionControl/controllers/default.py: 0
[2018-11-18 15:29:44] EDIT bucketVersionControl/controllers/default.py: 0
[2018-11-18 15:30:14] EDIT bucketVersionControl/controllers/default.py: 0
[2018-11-18 16:05:52] EDIT bucketVersionControl/models/menu.py: 0
[2018-11-18 16:08:24] EDIT bucketVersionControl/controllers/default.py: 0
[2018-11-18 16:10:29] EDIT bucketVersionControl/controllers/default.py: 2
[2018-11-18 16:10:55] CREATE default/publicDocs.html: 0
[2018-11-18 16:11:48] EDIT bucketVersionControl/views/default/publicDocs.html: -1
[2018-11-18 16:20:13] EDIT bucketVersionControl/controllers/default.py: 0
[2018-11-18 16:20:35] EDIT bucketVersionControl/views/default/publicDocs.html: 0
[2018-11-18 16:21:09] EDIT bucketVersionControl/models/menu.py: 0
[2018-11-18 16:21:27] EDIT bucketVersionControl/models/menu.py: 0
[2018-11-18 16:21:56] EDIT bucketVersionControl/controllers/default.py: 0
[2018-11-18 16:22:45] EDIT bucketVersionControl/controllers/default.py: -2
[2018-11-18 16:24:17] EDIT bucketVersionControl/controllers/default.py: 2
[2018-11-18 16:24:43] EDIT bucketVersionControl/controllers/default.py: 1
[2018-11-18 16:25:08] EDIT bucketVersionControl/controllers/default.py: 0
[2018-11-18 16:26:57] EDIT bucketVersionControl/models/menu.py: 0
[2018-11-18 16:27:38] EDIT bucketVersionControl/controllers/default.py: 0
[2018-11-18 16:30:43] EDIT bucketVersionControl/controllers/default.py: 1
[2018-11-18 16:30:53] EDIT bucketVersionControl/controllers/default.py: 0
[2018-11-18 16:36:10] EDIT bucketVersionControl/controllers/default.py: 0
[2018-11-18 16:42:34] EDIT bucketVersionControl/controllers/default.py: 3
[2018-11-18 16:46:33] EDIT bucketVersionControl/controllers/default.py: 3
[2018-11-18 16:46:51] EDIT bucketVersionControl/controllers/default.py: 2
[2018-11-18 16:51:00] CREATE default/group.html: 0
[2018-11-18 16:51:20] CREATE default/permissions.html: 0
[2018-11-18 16:52:42] EDIT bucketVersionControl/views/default/group.html: -1
[2018-11-18 16:53:11] EDIT bucketVersionControl/views/default/permissions.html: -1
[2018-11-18 16:57:37] EDIT bucketVersionControl/models/menu.py: 2
[2018-11-18 16:58:01] EDIT bucketVersionControl/controllers/default.py: 0
[2018-11-18 17:01:16] EDIT bucketVersionControl/controllers/default.py: 0
[2018-11-18 17:01:53] EDIT bucketVersionControl/controllers/default.py: 0
[2018-11-18 19:46:52] EDIT bucketVersionControl/controllers/default.py: 0
[2018-11-18 19:47:27] EDIT bucketVersionControl/controllers/default.py: 0
[2018-11-18 19:47:43] EDIT bucketVersionControl/controllers/default.py: 0
[2018-11-18 19:47:43] EDIT bucketVersionControl/controllers/default.py: 0
[2018-11-18 19:47:44] EDIT bucketVersionControl/controllers/default.py: 0
[2018-11-18 19:47:56] EDIT bucketVersionControl/controllers/default.py: 0
[2018-11-18 21:58:21] EDIT bucketVersionControl/models/db1.py: 1
[2018-11-18 22:02:10] EDIT bucketVersionControl/controllers/default.py: 6
[2018-11-18 22:03:29] EDIT bucketVersionControl/models/db1.py: 0
[2018-11-18 22:04:19] EDIT bucketVersionControl/models/db1.py: 0
[2018-11-18 22:06:23] EDIT bucketVersionControl/controllers/default.py: 0
[2018-11-18 22:06:58] EDIT bucketVersionControl/models/db1.py: 0
[2018-11-18 22:11:18] EDIT bucketVersionControl/controllers/default.py: 1
[2018-11-18 22:14:45] EDIT bucketVersionControl/controllers/default.py: 0
[2018-11-18 22:15:02] EDIT bucketVersionControl/controllers/default.py: 0
[2018-11-18 22:24:46] EDIT bucketVersionControl/models/db1.py: 0
[2018-11-18 22:31:41] EDIT bucketVersionControl/models/db1.py: 0
[2018-11-18 22:38:35] EDIT bucketVersionControl/models/db1.py: 0
[2018-11-18 22:44:56] CREATE default/tryName.html: 0
[2018-11-18 22:47:10] EDIT bucketVersionControl/views/default/tryName.html: 15
[2018-11-18 22:52:59] EDIT bucketVersionControl/controllers/default.py: 3
[2018-11-18 22:53:23] EDIT bucketVersionControl/models/menu.py: 0
[2018-11-18 22:54:27] EDIT bucketVersionControl/controllers/default.py: 0
[2018-11-18 22:59:01] EDIT bucketVersionControl/controllers/default.py: 0
[2018-11-19 06:50:39] EDIT bucketVersionControl/controllers/default.py: 0
[2018-11-19 09:28:37] EDIT bucketVersionControl/models/db1.py: -1
[2018-11-19 09:37:08] EDIT bucketVersionControl/models/db1.py: -2
[2018-11-19 09:38:05] EDIT bucketVersionControl/controllers/default.py: -3
[2018-11-19 09:41:32] EDIT bucketVersionControl/views/default/existingView.html: 0
[2018-11-19 09:45:16] EDIT bucketVersionControl/views/default/publicDocs.html: 0
[2018-11-19 09:45:21] EDIT bucketVersionControl/views/default/publicDocs.html: 0
[2018-11-19 09:45:28] EDIT bucketVersionControl/views/default/existingView.html: 0
[2018-11-19 09:53:42] EDIT bucketVersionControl/views/default/publicDocs.html: 1
[2018-11-19 10:02:22] EDIT bucketVersionControl/models/db1.py: 0
[2018-11-19 10:05:09] EDIT bucketVersionControl/controllers/default.py: 0
[2018-11-19 10:05:21] EDIT bucketVersionControl/views/default/permissions.html: 0
[2018-11-19 10:05:23] EDIT bucketVersionControl/controllers/default.py: 0
[2018-11-19 10:06:07] EDIT bucketVersionControl/models/menu.py: 0
[2018-11-19 10:06:19] EDIT bucketVersionControl/models/menu.py: 0
[2018-11-19 10:18:56] EDIT bucketVersionControl/models/db1.py: 1
[2018-11-19 10:25:37] EDIT bucketVersionControl/controllers/default.py: 1
[2018-11-19 10:26:33] EDIT bucketVersionControl/controllers/default.py: 0
[2018-11-19 10:27:35] EDIT bucketVersionControl/controllers/default.py: 0
[2018-11-19 10:28:14] EDIT bucketVersionControl/controllers/default.py: 0
[2018-11-19 10:28:16] EDIT bucketVersionControl/controllers/default.py: 0
[2018-11-19 10:28:16] EDIT bucketVersionControl/controllers/default.py: 0
[2018-11-19 10:28:20] EDIT bucketVersionControl/controllers/default.py: 0
[2018-11-19 10:28:47] EDIT bucketVersionControl/controllers/default.py: 0
[2018-11-19 10:29:13] EDIT bucketVersionControl/controllers/default.py: 0
[2018-11-19 10:29:18] EDIT bucketVersionControl/controllers/default.py: 0
[2018-11-19 10:29:33] EDIT bucketVersionControl/controllers/default.py: -6
[2018-11-19 10:29:35] EDIT bucketVersionControl/controllers/default.py: 0
[2018-11-19 10:30:16] EDIT bucketVersionControl/controllers/default.py: 0
[2018-11-19 10:48:54] EDIT bucketVersionControl/controllers/default.py: 2
[2018-11-19 10:49:10] EDIT bucketVersionControl/controllers/default.py: 0
[2018-11-19 10:49:41] EDIT bucketVersionControl/controllers/default.py: 0
[2018-11-19 10:49:45] EDIT bucketVersionControl/controllers/default.py: 0
[2018-11-19 10:52:23] EDIT bucketVersionControl/controllers/default.py: 1
[2018-11-19 10:53:50] EDIT bucketVersionControl/views/default/existingView.html: 0
[2018-11-19 10:53:54] EDIT bucketVersionControl/controllers/default.py: -4
[2018-11-19 10:54:06] EDIT bucketVersionControl/controllers/default.py: 0
[2018-11-19 10:54:22] EDIT bucketVersionControl/controllers/default.py: 0
[2018-11-19 10:54:47] EDIT bucketVersionControl/controllers/default.py: 0
[2018-11-19 10:54:53] EDIT bucketVersionControl/views/default/existingView.html: 0
[2018-11-19 10:56:09] EDIT bucketVersionControl/controllers/default.py: 0
[2018-11-19 10:58:06] EDIT bucketVersionControl/controllers/default.py: 0
[2018-11-19 10:58:32] EDIT bucketVersionControl/controllers/default.py: 0
[2018-11-19 10:58:33] EDIT bucketVersionControl/controllers/default.py: 0
[2018-11-19 10:58:34] EDIT bucketVersionControl/controllers/default.py: 0
[2018-11-19 11:03:55] EDIT bucketVersionControl/controllers/default.py: 0
[2018-11-19 11:07:19] EDIT bucketVersionControl/controllers/default.py: 0
[2018-11-19 11:07:36] EDIT bucketVersionControl/controllers/default.py: 0
[2018-11-19 11:07:54] EDIT bucketVersionControl/controllers/default.py: 0
[2018-11-19 11:08:35] EDIT bucketVersionControl/controllers/default.py: 0
[2018-11-19 11:08:36] EDIT bucketVersionControl/controllers/default.py: 0
[2018-11-19 11:10:14] EDIT bucketVersionControl/views/default/existingView.html: 0
[2018-11-19 11:10:23] EDIT bucketVersionControl/controllers/default.py: 0
[2018-11-19 11:13:01] EDIT bucketVersionControl/views/default/existingView.html: 0
[2018-11-19 11:14:57] EDIT bucketVersionControl/controllers/default.py: 1
[2018-11-19 11:15:04] EDIT bucketVersionControl/controllers/default.py: 0
[2018-11-19 11:15:45] EDIT bucketVersionControl/controllers/default.py: 0
[2018-11-19 11:16:36] EDIT bucketVersionControl/controllers/default.py: 0
[2018-11-19 11:17:10] EDIT bucketVersionControl/controllers/default.py: 0
[2018-11-19 11:18:34] EDIT bucketVersionControl/controllers/default.py: 0
[2018-11-19 11:18:41] EDIT bucketVersionControl/views/default/existingView.html: 0
[2018-11-19 11:19:08] EDIT bucketVersionControl/controllers/default.py: 0
[2018-11-19 11:19:18] EDIT bucketVersionControl/views/default/existingView.html: 0
[2018-11-19 11:20:39] EDIT bucketVersionControl/models/db1.py: 0
[2018-11-19 11:22:19] EDIT bucketVersionControl/models/db1.py: 0
[2018-11-19 11:22:37] EDIT bucketVersionControl/models/db1.py: 0
[2018-11-19 11:24:51] EDIT bucketVersionControl/views/default/existingView.html: 0
[2018-11-19 11:31:07] EDIT bucketVersionControl/controllers/default.py: 1
[2018-11-19 11:32:22] EDIT bucketVersionControl/controllers/default.py: 0
[2018-11-19 11:32:23] EDIT bucketVersionControl/controllers/default.py: 0
[2018-11-19 11:32:24] EDIT bucketVersionControl/controllers/default.py: 0
[2018-11-19 11:33:45] EDIT bucketVersionControl/controllers/default.py: 0
[2018-11-19 11:33:47] EDIT bucketVersionControl/controllers/default.py: 0
[2018-11-19 11:33:47] EDIT bucketVersionControl/controllers/default.py: 0
[2018-11-19 11:33:48] EDIT bucketVersionControl/controllers/default.py: 0
[2018-11-19 11:35:48] EDIT bucketVersionControl/views/default/existingView.html: 0
[2018-11-19 11:35:52] EDIT bucketVersionControl/controllers/default.py: 1
[2018-11-19 11:40:14] EDIT bucketVersionControl/controllers/default.py: 0
[2018-11-19 11:47:40] EDIT bucketVersionControl/controllers/default.py: 0
[2018-11-19 11:50:52] EDIT bucketVersionControl/controllers/default.py: 0
[2018-11-19 11:51:43] EDIT bucketVersionControl/controllers/default.py: 0
[2018-11-19 11:52:42] EDIT bucketVersionControl/controllers/default.py: 0
[2018-11-19 11:53:19] EDIT bucketVersionControl/controllers/default.py: 0
[2018-11-19 11:54:13] EDIT bucketVersionControl/controllers/default.py: 0
[2018-11-19 11:55:29] EDIT bucketVersionControl/controllers/default.py: 0
[2018-11-19 11:56:23] EDIT bucketVersionControl/controllers/default.py: 0
[2018-11-19 11:57:00] EDIT bucketVersionControl/controllers/default.py: 0
[2018-11-19 11:58:09] EDIT bucketVersionControl/controllers/default.py: 0
[2018-11-19 11:58:49] EDIT bucketVersionControl/controllers/default.py: 0
[2018-11-19 12:01:45] EDIT bucketVersionControl/models/db1.py: -1
[2018-11-19 12:06:39] EDIT bucketVersionControl/controllers/default.py: 4
[2018-11-19 12:06:41] EDIT bucketVersionControl/controllers/default.py: 0
[2018-11-19 12:16:48] EDIT bucketVersionControl/controllers/default.py: 0
[2018-11-19 12:17:22] EDIT bucketVersionControl/models/db1.py: 0
[2018-11-19 12:19:21] EDIT bucketVersionControl/controllers/default.py: 0
[2018-11-19 12:36:33] EDIT bucketVersionControl/controllers/default.py: 0
[2018-11-19 12:36:36] EDIT bucketVersionControl/controllers/default.py: 0
[2018-11-19 12:40:29] EDIT bucketVersionControl/controllers/default.py: 2
[2018-11-19 12:40:34] EDIT bucketVersionControl/controllers/default.py: 0
[2018-11-19 12:40:49] EDIT bucketVersionControl/controllers/default.py: 0
[2018-11-19 12:42:09] EDIT bucketVersionControl/controllers/default.py: 0
[2018-11-19 12:42:10] EDIT bucketVersionControl/controllers/default.py: 0
[2018-11-19 12:44:08] EDIT bucketVersionControl/controllers/default.py: 0
[2018-11-19 12:45:33] EDIT bucketVersionControl/controllers/default.py: 0
[2018-11-19 12:46:00] EDIT bucketVersionControl/controllers/default.py: 0
[2018-11-19 12:50:42] EDIT bucketVersionControl/controllers/default.py: 0
[2018-11-19 12:52:29] EDIT bucketVersionControl/controllers/default.py: 0
